HV-Mode Off
T-Waveform SineWave
T-Amplitude[K] 0.5
T-Frequency[Hz] 0.02
T-Offset[K] 300
Heating-Rate[K/s] 0.0
Cooling-Rate[K/s] 0.0
T-Limit-High[K] 423.15
T-Limit-Low[K] 273.15
0 0 300.073317510524 0
1.1711071 299.834686 300.147514228289 0
2.3832283 299.810516 300.185305491531 0
3.0212921 299.859589 300.219425009304 0
3.6153515 299.997162 300.252268014365 0
4.2084108 300.090698 300.292084476887 9.9E+37
4.9644864 300.125183 300.321393320849 0
5.5555455 300.131226 300.34906493604 0
6.1496049 300.150238 300.374833748611 0
6.7446644 300.185089 300.39964331106 0
7.3697269 300.230957 300.424198440962 9.9E+37
8.060796 300.273285 300.444554127025 0
8.7168616 300.301208 300.460335003535 0
9.3089208 300.313293 300.473609216456 0
9.9029802 300.330841 300.484213973893 0
10.4950394 300.340118 300.49353684868 9.9E+37
11.2191118 300.362 300.49812253962 0
11.8101709 300.377441 300.499961487273 0
12.40123 300.402527 300.498911059205 0
13.0252924 300.402893 300.49507931215 0
13.6173516 300.40451 300.486658702159 9.9E+37
14.3424241 300.399353 300.476174741026 0
14.9664865 300.411621 300.462787593319 0
15.5895488 300.407349 300.44740962194 0
16.1826081 300.399902 300.429644283686 0
16.7726671 300.385315 300.404628878832 9.9E+37
17.4967395 300.377838 300.381716863964 0
18.0877986 300.367157 300.356655951962 0
18.6798578 300.354004 300.329621712635 0
19.271917 300.342438 300.300713521881 0
19.8649763 300.318787 300.264933530531 9.9E+37
20.5560454 300.284302 300.230843522506 0
21.1811079 300.254059 300.197179448907 0
21.7741672 300.248566 300.160339095895 0
22.40223 300.222412 300.122683251975 0
23.0272925 300.188629 300.080118008566 9.9E+37
23.7193617 300.157867 300.042960313879 0
24.3154213 300.113922 300.003488132295 0
24.9444842 300.073914 299.963680797007 0
25.5785476 300.056122 299.896413605023 0
26.6606558 300.005096 299.852515807568 9.9E+37
27.382728 299.966034 299.817179858831 0
27.9787489 299.921387 299.783436339974 0
28.5647489 299.899902 299.748636419923 0
29.1917489 299.85614 299.717362484872 0
29.7807489 299.822357 299.680961386807 9.9E+37
30.5067489 299.791779 299.651874485433 0
31.1287489 299.763733 299.626120700387 0
31.7217489 299.741699 299.602594583068 0
32.3107489 299.722137 299.581038723964 0
32.9057489 299.696899 299.55809516858 9.9E+37
33.6257489 299.654938 299.541830542294 0
34.2217489 299.635559 299.528301220154 0
34.8097489 299.622711 299.516695941157 0
35.4377489 299.596222 299.508544221307 0
36.0267489 299.589478 299.502185154354 9.9E+37
36.7557489 299.574005 299.50003074649 0
37.4117489 299.567596 299.501001481488 0
38.0037489 299.557312 299.504689529313 0
38.5907489 299.549866 299.511738545742 0
39.2277489 299.533661 299.524817538961 9.9E+37
40.0177489 299.5401 299.537790166112 0
40.6137489 299.547546 299.554147802575 0
41.2377489 299.555542 299.572331396615 0
41.8337489 299.56015 299.592621164861 0
42.4217489 299.575623 299.620767807089 9.9E+37
43.1487489 299.590729 299.645902726572 0
43.7377489 299.604431 299.681808679791 0
44.5107489 299.635345 299.712227499266 0
45.1197489 299.653168 299.743575345009 0
45.7147489 299.671661 299.78340789961 9.9E+37
46.4347489 299.703827 299.819667773816 0
47.0637489 299.729431 299.854466822537 0
47.6497489 299.755035 299.890729035319 0
48.2467489 299.778687 299.926984316534 0
48.8337489 299.808899 299.974548326784 9.9E+37
49.5947489 299.848724 300.017573521631 0
50.2797489 299.893341 300.085082323192 0
51.3607489 299.951538 300.125120654637 0
52.0127489 299.979095 300.16069487641 0
52.6037489 300.010742 300.203047726389 9.9E+37
53.3277489 300.044861 300.236390675786 0
53.9187489 300.090576 300.268430382168 0
54.5097489 300.119202 300.299040565801 0
55.1017489 300.154388 300.328043951477 0
55.6947489 300.175385 300.359489154764 9.9E+37
56.3847489 300.213257 300.388272905432 0
57.0757489 300.237427 300.410505823467 0
57.6647489 300.268372 300.430586715624 0
58.2567489 300.292084 300.448313532738 0
58.8497489 300.313965 300.466551471554 9.9E+37
59.5727489 300.33548 300.47864307857 0
60.1657489 300.370148 300.48805070822 0
60.7567489 300.371735 300.495080195837 0
61.3827489 300.389374 300.498911230367 0
61.9747489 300.401672 300.49984873568 9.9E+37
62.6957489 300.409485 300.497336504043 0
63.3217489 300.423004 300.492141335621 0
63.9127489 300.432251 300.484185950486 0
64.5067489 300.43454 300.472925552464 0
65.1307489 300.417664 300.45709376552 9.9E+37
65.8207489 300.411621 300.440767995976 0
66.4127489 300.410553 300.420854404236 0
67.0387489 300.408752 300.399700855695 0
67.6287489 300.402557 300.376268423914 0
68.2207489 300.383881 300.34484141856 9.9E+37
68.9437489 300.347107 300.317026670976 0
69.5347489 300.338776 300.287412715366 0
70.1267489 300.332001 300.256100943309 0
70.7207489 300.306915 300.223306684375 0
71.3157489 300.272247 300.183551058146 9.9E+37
72.0087489 300.239197 300.148535855687 0
72.5997489 300.223938 300.110067888218 0
73.2337489 300.197632 300.073388612435 0
73.8277489 300.15567 300.02978043959 0
74.5257489 300.128815 299.981735772021 9.9E+37
75.2907489 300.080994 299.914174787934 0
76.3727489 300.032318 299.87615726758 0
76.9917489 300.000336 299.836452139326 0
77.6517489 299.970459 299.802017341004 0
78.2397489 299.938263 299.760956065067 9.9E+37
78.9667489 299.891541 299.729188499245 0
79.5547489 299.858307 299.698447569496 0
80.1517489 299.822205 299.669827484802 0
80.7397489 299.794495 299.641210294288 0
81.3687489 299.775818 299.61252007775 9.9E+37
82.0557489 299.74472 299.589997011488 0
82.6507489 299.717865 299.567824887425 0
83.3067489 299.694244 299.550221903078 0
83.9027489 299.660797 299.535326048609 0
84.4907489 299.628265 299.520404675281 9.9E+37
85.2187489 299.608704 299.51127621321 0
85.8067489 299.61084 299.504762805654 0
86.4007489 299.600159 299.500778939926 0
87.0557489 299.585968 299.500090907074 0
87.6517489 299.571564 299.503024687996 9.9E+37
88.3757489 299.559814 299.508971521991 0
89.0097489 299.561249 299.517933281678 0
89.6377489 299.570343 299.529447956003 0
90.2447489 299.56308 299.544240175002 0
90.8727489 299.550781 299.564931309766 9.9E+37
91.6007489 299.554352 299.584273882531 0
92.1877489 299.576019 299.606148287771 0
92.7817489 299.59613 299.629962481754 0
93.3697489 299.620331 299.656160837976 0
93.9657489 299.62619 299.688839616671 9.9E+37
94.6547489 299.631683 299.720662548395 0
95.2827489 299.662292 299.752093248812 0
95.8717489 299.68219 299.785165089984 0
96.4657489 299.719391 299.821075063705 0
97.0877489 299.745697 299.864355301276 9.9E+37
97.8137489 299.777344 299.900375826 0
98.4037489 299.798309 299.93931298901 0
99.0317489 299.820709 299.976117209724 0
99.6197489 299.863251 300.013428624584 0
100.2137489 299.897919 300.091081656368 9.9E+37
101.4577489 299.955353 300.128767029384 0
102.0727489 299.985046 300.164200835254 0
102.6627489 300.023437 300.198847751575 0
103.2547489 300.062042 300.232339056605 0
103.8457489 300.098663 300.27160328629 9.9E+37
104.5697489 300.120361 300.303653200919 0
105.1937489 300.158234 300.332337467204 0
105.7857489 300.190063 300.35913961172 0
106.3767489 300.211426 300.384042268009 0
106.9697489 300.242889 300.410326385329 9.9E+37
107.6597489 300.277924 300.433464869545 0
108.3477489 300.305634 300.451708783291 0
108.9737489 300.336609 300.466370476441 0
109.5647489 300.349213 300.478479266425 0
110.1567489 300.360229 300.489261315217 9.9E+37
110.8477489 300.381958 300.49583174997 0
111.4717489 300.399353 300.499248854556 0
112.0637489 300.409332 300.499903003805 0
112.6567489 300.421783 300.497589289833 0
113.2817489 300.43277 300.491087626666 9.9E+37
114.0047489 300.428162 300.482744061915 0
114.5967489 300.427979 300.469631664595 0
115.2877489 300.43811 300.455552874651 0
115.8807489 300.427277 300.439035793444 0
116.4707489 300.421051 300.41544663431 9.9E+37
117.1957489 300.400604 300.393658095226 0
117.7867489 300.39209 300.369656978135 0
118.3787489 300.384247 300.343656650995 0
118.9697489 300.366119 300.315615540142 0
119.5637489 300.351349 300.280846838641 9.9E+37
120.2537489 300.329529 300.249378576554 0
120.8447489 300.305328 300.214551186187 0
121.4707489 300.27652 300.180449426478 0
122.0617489 300.259094 300.142645199605 0
122.6977489 300.222107 300.098084384575 9.9E+37
123.4287489 300.190155 300.058940353761 0
124.0597489 300.145874 300.019425929222 0
124.6907489 300.130768 299.973450395302 0
125.4227489 300.092896 299.906263121817 0
126.5007489 300.031189 299.861726788622 9.9E+37
127.2297489 299.988525 299.826632095397 0
127.8177489 299.963287 299.792140590638 0
128.4117489 299.917236 299.75737699111 0
129.0317489 299.877777 299.723718730553 0
129.6587489 299.859619 299.687145860981 9.9E+37
130.3797489 299.828552 299.657371690761 0
131.0077489 299.800293 299.631466338426 0
131.5947489 299.760986 299.607254070684 0
132.1897489 299.744659 299.585517366938 0
132.7767489 299.716736 299.561702991291 9.9E+37
133.5047489 299.67514 299.545162084751 0
134.0917489 299.653442 299.530877177768 0
134.6887489 299.641357 299.519421643391 0
135.2747489 299.624115 299.510468394143 0
135.8687489 299.603668 299.503515807699 9.9E+37
136.5557489 299.58963 299.500387336894 0
137.1867489 299.592346 299.500304523171 0
137.7777489 299.584167 299.503017791233 0
138.3747489 299.566559 299.508888768154 0
139.0027489 299.560516 299.519569284463 9.9E+37
139.7337489 299.565491 299.531149432441 0
140.3237489 299.556976 299.546409646984 0
140.9557489 299.563568 299.563146962709 0
141.5427489 299.572266 299.582536643029 0
142.1377489 299.602661 299.611786396183 9.9E+37
142.9257489 299.608002 299.63649563548 0
143.5227489 299.599121 299.66287839975 0
144.1117489 299.627411 299.700179378269 0
144.8827489 299.654785 299.731702037941 0
145.4927489 299.670227 299.771312829167 9.9E+37
146.2197489 299.706482 299.804761299694 0
146.8077489 299.726929 299.841597553959 0
147.4347489 299.762329 299.876979111004 0
148.0217489 299.782074 299.913524784059 0
148.6167489 299.811584 299.958437549982 9.9E+37
149.3377489 299.853912 299.995648879979 0
149.9307489 299.889648 300.032633573242 0
150.5197489 299.917908 300.102116404238 0
151.6367489 299.965363 300.139601073085 0
152.2517489 299.995789 300.188246278738 9.9E+37
153.0717489 300.057281 300.224009001995 0
153.6967489 300.097839 300.256559373199 0
154.2877489 300.118103 300.289388662592 0
154.9117489 300.157379 300.318941845536 0
155.5047489 300.183533 300.351134880403 9.9E+37
156.1957489 300.213745 300.376661155086 0
156.7887489 300.237946 300.401261921918 0
157.4127489 300.263184 300.42232376874 0
158.0047489 300.290375 300.441019823143 0
158.5957489 300.317932 300.461427143176 9.9E+37
159.3537489 300.352264 300.474424209406 0
159.9437489 300.359009 300.484860639862 0
160.5367489 300.380341 300.492946394125 0
161.1617489 300.398834 300.497808973907 0
161.7547489 300.414337 300.499987508345 9.9E+37
162.4437489 300.417358 300.498723514167 0
163.0687489 300.428925 300.494708596177 0
163.6587489 300.435699 300.487948114127 0
164.2507489 300.433014 300.478506651049 0
164.8417489 300.423218 300.463375232136 9.9E+37
165.5647489 300.423065 300.448132607376 0
166.1567489 300.419128 300.430315066264 0
166.7517489 300.42215 300.410236684533 0
167.3427489 300.415405 300.387936274167 0
167.9327489 300.391022 300.359117849405 9.9E+37
168.6237489 300.380188 300.330714894005 0
169.2487489 300.363861 300.301978376467 0
169.8397489 300.351929 300.271418738635 0
170.4337489 300.324036 300.235532174392 0
171.0967489 300.286682 300.19460223229 9.9E+37
171.8187489 300.270508 300.157508233713 0
172.4497489 300.247253 300.121741554706 0
173.0427489 300.204742 300.082759692503 0
173.6767489 300.17041 300.037177890506 0
174.4077489 300.130402 299.989209536111 9.9E+37
175.1717489 300.109619 299.921488072818 0
176.2547489 300.045868 299.883414855505 0
176.8727489 300.010315 299.842044721121 0
177.5577489 299.967316 299.807106619122 0
178.1517489 299.937439 299.768161818839 9.9E+37
178.8367489 299.892578 299.733959320134 0
179.4647489 299.874298 299.703483104511 0
180.0517489 299.836578 299.674190413693 0
180.6477489 299.816162 299.645570278554 0
181.2697489 299.772247 299.616199246811 9.9E+37
181.9637489 299.751617 299.593588897705 0
182.5517489 299.726593 299.573000190638 0
183.1457489 299.69281 299.554932594417 0
183.7347489 299.679108 299.536825722591 0
184.4267489 299.651917 299.521703464865 9.9E+37
185.1467489 299.630402 299.512168747492 0
185.7407489 299.613525 299.505415212967 0
186.3277489 299.594147 299.501301292531 0
186.9257489 299.589325 299.500000858774 0
187.5147489 299.574219 299.502188076323 9.9E+37
188.2447489 299.567108 299.507153842209 0
188.8477489 299.565338 299.515502033957 0
189.4867489 299.560547 299.526044008143 0
190.0797489 299.57724 299.540296962866 0
190.7167489 299.558411 299.560095184206 9.9E+37
191.4417489 299.564819 299.579077759233 0
192.0367489 299.577087 299.600185925165 0
192.6257489 299.5961 299.625183438166 0
193.2557489 299.60553 299.650546313904 0
193.8417489 299.6297 299.691700435777 9.9E+37
194.7127489 299.64856 299.722855128856 0
195.3247489 299.66507 299.754716862985 0
195.9197489 299.692993 299.787494118929 0
196.5067489 299.717133 299.821955447148 0
197.1027489 299.742218 299.86290450785 9.9E+37
197.7897489 299.776337 299.905244844289 0
198.4827489 299.812439 299.943805859292 0
199.1037489 299.844971 299.981201930089 0
199.7007489 299.874115 300.018138647564 0
200.2887489 299.905609 300.095772754418 9.9E+37
201.5337489 299.962646 300.13343578985 0
202.1497489 299.989502 300.168703656607 0
202.7387489 300.039459 300.205227274693 0
203.3657489 300.073578 300.238602326443 0
203.9587489 300.103638 300.277380045816 9.9E+37
204.6797489 300.132263 300.309213744326 0
205.3057489 300.16037 300.337562076118 0
205.8977489 300.206238 300.364000024424 0
206.4887489 300.230042 300.391068154142 0
207.1467489 300.264893 300.416544591909 9.9E+37
207.8357489 300.282654 300.43594830779 0
208.4277489 300.305603 300.45384111325 0
209.0537489 300.334412 300.46815918742 0
209.6447489 300.366058 300.479913891732 0
210.2367489 300.370483 300.490663447652 9.9E+37
210.9597489 300.390747 300.496461842946 0
211.5527489 300.405884 300.499496228094 0
212.1427489 300.417633 300.499782461878 0
212.7347489 300.419403 300.497077939363 0
213.3607489 300.430603 300.490536149123 9.9E+37
214.0507489 300.43277 300.481983239646 0
214.6427489 300.435974 300.470040036341 0
215.2687489 300.433807 300.456095136818 0
215.8597489 300.439148 300.439575873726 0
216.4527489 300.421204 300.416109720726 9.9E+37
217.1767489 300.401825 300.394354388568 0
217.7687489 300.407867 300.370459785448 0
218.3597489 300.380676 300.342925739049 0
218.9857489 300.369995 300.313368604822 0
219.6097489 300.355957 300.278346530138 9.9E+37
220.3017489 300.322693 300.244954555801 0
220.9257489 300.309723 300.211766227668 0
221.5197489 300.279144 300.176928492754 0
222.1217489 300.243408 300.141621124147 0
222.7147489 300.215118 300.095310334333 9.9E+37
223.4737489 300.19165 300.056256574037 0
224.1027489 300.172607 300.019174789123 0
224.6947489 300.127502 299.97978942801 0
225.3217489 300.096741 299.911699910683 0
226.4127489 300.032562 299.867290998473 9.9E+37
227.1377489 299.984009 299.831651275202 0
227.7327489 299.958923 299.795403168119 0
228.3547489 299.942047 299.760018449732 0
228.9837489 299.892426 299.726710800099 0
229.6017489 299.870758 299.689701168903 9.9E+37
230.3277489 299.833588 299.661558211857 0
230.9167489 299.792908 299.634967806706 0
231.5127489 299.76181 299.610739315065 0
232.1007489 299.740265 299.588385280017 0
232.6957489 299.715393 299.563376460196 9.9E+37
233.4497489 299.689453 299.546422924021 0
234.0437489 299.672729 299.532083958782 0
234.6337489 299.648376 299.519630291237 0
235.2627489 299.630249 299.510712795991 0
235.8497489 299.601624 299.503390494276 9.9E+37
236.5727489 299.589355 299.500346441189 0
237.2037489 299.584717 299.500359417393 0
237.8017489 299.573547 299.503136103455 0
238.3917489 299.579773 299.50953699154 0
239.0567489 299.561462 299.522172806926 9.9E+37
239.8787489 299.558075 299.534415411455 0
240.4697489 299.564301 299.549143300481 0
241.0577489 299.563416 299.566519403769 0
241.6517489 299.569275 299.586133273685 0
242.2407489 299.595581 299.612182673301 9.9E+37
242.9357489 299.601837 299.636452496227 0
243.5217489 299.618713 299.663156907026 0
244.1177489 299.634705 299.691304862912 0
244.7047489 299.647522 299.721653469862 0
245.3017489 299.674164 299.758503918653 9.9E+37
245.9887489 299.701172 299.797555209374 0
246.6827489 299.731781 299.831739892948 0
247.2687489 299.74884 299.867381734986 0
247.8637489 299.783325 299.903394724209 0
248.4527489 299.815002 299.948553316688 9.9E+37
249.1797489 299.838135 299.985409304596 0
249.7677489 299.871368 300.022909825408 0
250.3647489 299.892365 300.092131717401 0
251.4747489 299.971497 300.12998087114 0
252.0927489 300.012909 300.171244515855 9.9E+37
252.7817489 300.044739 300.211282177164 0
253.4717489 300.080658 300.244379083113 0
254.0637489 300.120483 300.276176523612 0
254.6567489 300.138275 300.306441060336 0
255.2497489 300.161194 300.340977429179 9.9E+37
255.9717489 300.202087 300.367214516166 0
256.5637489 300.229828 300.392707041341 0
257.1887489 300.265594 300.414623148138 0
257.7807489 300.289734 300.434214512327 0
258.3717489 300.310944 300.455850164153 9.9E+37
259.1307489 300.335114 300.469793136601 0
259.7197489 300.362701 300.481231863007 0
260.3127489 300.379242 300.49039569095 0
260.9377489 300.385254 300.496280508277 0
261.5287489 300.396851 300.499685525458 9.9E+37
262.2177489 300.413208 300.49961882558 0
262.8107489 300.418915 300.496547148491 0
263.4357489 300.430267 300.490813937933 0
264.0277489 300.44397 300.482365665532 0
264.6197489 300.448425 300.468434452405 9.9E+37
265.3427489 300.428925 300.454170209775 0
265.9337489 300.423218 300.437310733227 0
266.5277489 300.41806 300.415865701509 0
267.1837489 300.406891 300.394122514798 0
267.7747489 300.398499 300.365996930487 9.9E+37
268.4647489 300.39032 300.338048572811 0
269.0917489 300.371674 300.309830669848 0
269.6817489 300.355316 300.279702126823 0
270.2757489 300.324921 300.246432071944 0
270.8987489 300.290955 300.205943336877 9.9E+37
271.6217489 300.277802 300.169265565818 0
272.2517489 300.244598 300.131527460971 0
272.8817489 300.21701 300.09271846922 0
273.5157489 300.182159 300.051884151915 0
274.1727489 300.152832 300.005670522291 9.9E+37
274.9097489 300.121887 299.968432364451 0
275.5027489 300.082458 299.900714631318 0
276.5907489 300.028076 299.862874429132 0
277.2107489 299.992126 299.827752333407 0
277.7987489 299.965118 299.785761132748 9.9E+37
278.5237489 299.935089 299.751084586932 0
279.1467489 299.884033 299.719491263078 0
279.7397489 299.854553 299.689701168903 0
280.3277489 299.83551 299.659666466168 0
280.9577489 299.792999 299.62804598759 9.9E+37
281.6757489 299.755676 299.604086418371 0
282.2717489 299.724915 299.582623190267 0
282.8597489 299.706238 299.562278735685 0
283.4857489 299.678864 299.545580528043 0
284.0757489 299.66214 299.5291618788 9.9E+37
284.7687489 299.649353 299.517461124434 0
285.3907489 299.630524 299.509036835571 0
285.9847489 299.604767 299.503390494276 0
286.5727489 299.585205 299.50034410657 0
287.2047489 299.57312 299.500973851046 9.9E+37
287.9967489 299.574188 299.50472393295 0
288.5947489 299.578278 299.511617044528 0
289.2187489 299.565826 299.521749225389 0
289.8557489 299.561584 299.533776879211 0
290.4417489 299.573303 299.552230262602 9.9E+37
291.1697489 299.571716 299.569909071494 0
291.7587489 299.575958 299.590194821879 0
292.3547489 299.586639 299.613773899663 0
292.9757489 299.601044 299.638573057564 0
293.5707489 299.614349 299.669709436431 9.9E+37
294.2577489 299.636414 299.710431918059 0
295.0847489 299.661835 299.741259688283 0
295.6717489 299.694885 299.774223177912 0
296.2717489 299.710205 299.807657324017 0
296.8577489 299.739197 299.850444563588 9.9E+37
297.5827489 299.769958 299.888094182091 0
298.2037489 299.79715 299.924809489511 0
298.7987489 299.812622 299.963699377463 0
299.4217489 299.84729 300.000989531925 0
300.0157489 299.883575 300.076836063362 9.9E+37
301.2277489 299.966248 300.114751321847 0
301.8427489 299.994354 300.152520180029 0
302.4667489 300.0242 300.189409856236 0
303.0917489 300.047699 300.223166006263 0
303.6817489 300.077393 300.262841189803 9.9E+37
304.4047489 300.126465 300.295352070238 0
305.0287489 300.158264 300.324520869992 0
305.6207489 300.193481 300.351894500206 0
306.2127489 300.226593 300.37736275993 0
306.8057489 300.240265 300.405530848119 9.9E+37
307.5277489 300.275482 300.426180459639 0
308.1207489 300.300385 300.444378207177 0
308.7107489 300.320282 300.461014696653 0
309.3367489 300.340393 300.474085880675 0
309.9267489 300.36618 300.486063673351 9.9E+37
310.6167489 300.387543 300.493752906926 0
311.2407489 300.393738 300.498243355545 0
311.8327489 300.406708 300.499977644612 0
312.4247489 300.424683 300.498946180469 0
313.0167489 300.425232 300.493954264486 9.9E+37
313.7387489 300.417786 300.486797835403 0
314.3327489 300.423828 300.476968058799 0
314.9247489 300.437866 300.464546303384 0
315.5147489 300.435364 300.449544616094 0
316.1057489 300.426483 300.427798754966 9.9E+37
316.8297489 300.421509 300.406136500216 0
317.4557489 300.411224 300.383377666061 0
318.0467489 300.391479 300.358461435868 0
318.6387489 300.378143 300.330007441869 0
319.2637489 300.364807 300.294565798782 9.9E+37
319.9867489 300.335999 300.263776043445 0
320.5777489 300.315063 300.229636519025 0
321.2027489 300.28891 300.196048210809 0
321.7937489 300.268097 300.161141174091 0
322.3887489 300.236633 300.117409960036 9.9E+37
323.1137489 300.203186 300.078294872678 0
323.7487489 300.170502 300.040685784542 0
324.3517489 300.153961 300.003471501106 0
324.9447489 300.128021 299.966426017019 0
325.5347489 300.080017 299.886716911749 9.9E+37
326.8187489 300.008728 299.849036399796 0
327.4407489 299.980316 299.813967788306 0
328.0337489 299.948853 299.780270313646 0
328.6207489 299.918976 299.747334012515 0
329.2157489 299.889282 299.709382932032 9.9E+37
329.9357489 299.847351 299.679753493414 0
330.5317489 299.817474 299.650793655871 0
331.1527489 299.788116 299.625038016659 0
331.7477489 299.754578 299.601605326848 0
332.3367489 299.731628 299.575736616967 9.9E+37
333.0627489 299.709229 299.557304030556 0
333.6527489 299.676361 299.541178878427 0
334.2477489 299.653778 299.527803228546 0
334.8337489 299.635498 299.516841161353 0
335.4287489 299.624481 299.507212231606 9.9E+37
336.1467489 299.611481 299.50226807402 0
336.7417489 299.588562 299.50007876477 0
337.3587489 299.578247 299.500852458083 0
337.9647489 299.583954 299.504385529182 0
338.5547489 299.569763 299.51253652787 9.9E+37
339.2857489 299.559479 299.522135815242 0
339.8767489 299.555542 299.534438322833 0
340.4707489 299.564606 299.54919764345 0
341.0597489 299.571747 299.566738768509 0
341.6587489 299.579926 299.589799238718 9.9E+37
342.3437489 299.58313 299.613773899663 0
342.9757489 299.601074 299.642459682266 0
343.6597489 299.631653 299.669567945984 0
344.2547489 299.641418 299.698221973916 0
344.8437489 299.650665 299.735797073242 9.9E+37
345.5697489 299.675232 299.767911221572 0
346.1587489 299.700836 299.801699931658 0
346.7547489 299.735687 299.838085809452 0
347.3757489 299.764832 299.873875740686 0
347.9707489 299.779236 299.918045964966 9.9E+37
348.6897489 299.81427 299.955245090962 0
349.2867489 299.846466 299.992256214604 0
349.8767489 299.885559 300.03576780269 0
350.5697489 299.918793 300.104759723277 0
351.6797489 299.982635 300.148925643716 9.9E+37
352.4067489 300.008423 300.1859155639 0
353.0317489 300.049133 300.219842558404 0
353.6227489 300.078278 300.25255754115 0
354.2137489 300.124695 300.28393187206 0
354.8057489 300.152954 300.317730551975 9.9E+37
355.4797489 300.177856 300.339919044741 0
355.9487489 300.199554 300.360927175566 0
356.4177489 300.220337 300.384484478044 0
356.9807489 300.256622 300.403128326174 0
357.4627489 300.274933 300.424495952269 9.9E+37
358.0697489 300.287903 300.439321049908 0
358.5387489 300.316345 300.454811816395 0
359.0907489 300.328644 300.466279802122 0
359.5607489 300.348572 300.476255841961 0
