0.0920022 1.000318E-08
0.2380168 8.843799E-09
0.3820312 7.674211E-09
0.5240454 6.490777E-09
0.9980928 5.298239E-09
1.3191249 4.104601E-09
2.3381838 2.909088E-09
2.2112141 1.718094E-09
2.5542484 5.569947E-10
2.8482778 -4.525931E-10
3.1693099 -2.02244E-10
3.4423372 7.201474E-11
3.7663696 3.465835E-10
4.0363966 6.152637E-10
4.490442 8.144073E-10
4.7914721 9.745119E-10
5.1235053 1.107039E-09
5.3835313 1.225469E-09
5.710564 1.328953E-09
5.9765906 1.293066E-09
6.3196249 1.204083E-09
6.5726502 1.100567E-09
6.8946824 1.006519E-09
7.1977127 9.177532E-10
7.640757 8.915566E-10
7.8867816 8.991523E-10
8.2878217 9.203491E-10
8.5448474 9.484484E-10
8.8668796 9.621716E-10
9.1369066 9.6029E-10
9.4569386 9.363704E-10
9.7299659 8.999482E-10
10.0740003 8.554553E-10
10.3220251 8.131423E-10
10.7530682 7.746125E-10
11.0460975 7.371622E-10
11.3681297 7.129137E-10
11.6381567 6.961453E-10
11.9631892 6.824193E-10
12.2282157 6.69116E-10
12.5532482 6.527824E-10
12.8542783 6.330875E-10
13.1873116 5.988954E-10
13.4443373 5.555392E-10
13.8973826 5.126384E-10
14.1694098 4.726484E-10
14.491442 4.305807E-10
14.7934722 3.864471E-10
15.1545083 3.452389E-10
15.4175346 3.088356E-10
15.7385667 2.697893E-10
16.0105939 2.268615E-10
16.331626 1.909608E-10
16.5996528 1.602843E-10
17.0556984 1.264071E-10
17.3247253 9.008665E-11
17.6457574 5.483632E-11
17.9157844 2.021351E-11
18.2358164 -1.959572E-11
18.5068435 -6.390732E-11
18.8288757 -1.055465E-10
19.0989027 -1.416765E-10
19.4189347 -1.777096E-10
19.6929621 -2.152182E-10
20.1260054 -2.578056E-10
20.3840312 -3.024215E-10
20.7270655 -3.48004E-10
21.0090937 -3.925907E-10
21.3411269 -4.298584E-10
21.6011529 -4.611974E-10
21.9331861 -4.87462E-10
22.2302158 -5.124569E-10
22.552248 -5.457951E-10
22.8542782 -5.860888E-10
23.2993227 -6.20812E-10
23.5473475 -6.527935E-10
23.8793807 -6.829869E-10
24.1434071 -7.139379E-10
24.4854413 -7.489799E-10
24.77247 -7.85469E-10
25.102503 -8.163357E-10
25.4055333 -8.411943E-10
25.7285656 -8.51589E-10
25.9985926 -8.510119E-10
26.4876415 -8.606836E-10
26.9216849 -8.790483E-10
27.2097137 -9.010864E-10
27.5317459 -9.297328E-10
27.8027489 -9.52797E-10
28.1297489 -9.758541E-10
28.3927489 -1.053028E-09
28.7137489 -1.077298E-09
29.0157489 -1.097353E-09
29.3417489 -1.122226E-09
29.6077489 -1.136399E-09
30.0627489 -1.134528E-09
30.3307489 -1.125918E-09
30.6557489 -1.106063E-09
30.9557489 -1.087886E-09
31.2897489 -1.071466E-09
31.5467489 -1.006886E-09
31.8927489 -9.989389E-10
32.1377489 -9.966858E-10
32.4597489 -9.907482E-10
32.7297489 -9.81876E-10
33.1877489 -9.81445E-10
33.4537489 -9.847936E-10
33.7767489 -9.886028E-10
34.0457489 -9.911446E-10
34.3727489 -9.812479E-10
34.6367489 -9.635042E-10
34.9807489 -9.41706E-10
35.2617489 -9.186149E-10
35.5977489 -8.942765E-10
35.8527489 -8.69288E-10
36.3237489 -8.316103E-10
36.5797489 -7.889099E-10
36.9277489 -7.492055E-10
37.2387489 -7.124878E-10
37.5607489 -6.817201E-10
37.8277489 -6.54846E-10
38.1517489 -6.292586E-10
38.4177489 -6.028606E-10
38.7627489 -5.710303E-10
39.0507489 -5.342877E-10
39.5897489 -4.998154E-10
39.8457489 -4.66635E-10
40.1677489 -4.244392E-10
40.4367489 -3.739478E-10
40.7627489 -3.233861E-10
41.0647489 -2.751925E-10
41.4097489 -2.27334E-10
41.6577489 -1.798138E-10
41.9837489 -1.345485E-10
42.2487489 -9.221603E-11
42.6877489 -5.065614E-11
42.9717489 -8.102852E-12
43.2987489 1.237938E-11
43.5637489 3.087151E-11
43.8907489 5.232308E-11
44.1577489 1.034464E-10
44.6607489 1.335562E-10
44.9467489 1.648247E-10
45.2687489 1.957634E-10
45.5387489 2.20072E-10
45.9957489 2.469472E-10
46.2617489 2.8999E-10
46.5927489 3.323644E-10
46.8867489 3.712017E-10
47.2257489 4.13983E-10
47.4777489 4.574606E-10
47.7997489 4.99306E-10
48.0707489 5.37789E-10
48.3967489 5.787943E-10
48.6607489 6.209689E-10
49.1157489 6.630661E-10
49.4187489 7.055194E-10
49.8447489 7.457926E-10
50.1067489 7.831357E-10
50.4297489 8.127901E-10
50.7007489 8.419572E-10
51.1877489 8.643633E-10
51.5307489 8.840654E-10
51.8397489 8.972763E-10
52.1627489 9.119314E-10
52.4307489 9.218807E-10
52.8637489 9.361504E-10
53.1547489 9.512887E-10
53.4987489 9.673418E-10
53.7467489 9.824015E-10
54.0697489 9.990726E-10
54.3377489 1.01933E-09
54.6577489 1.03554E-09
54.9287489 1.047795E-09
55.2497489 1.056235E-09
55.5227489 1.063421E-09
55.9557489 1.060636E-09
56.2127489 1.055009E-09
56.6107489 1.051358E-09
56.9027489 1.047976E-09
57.2477489 1.038529E-09
57.4937489 1.023969E-09
57.8137489 1.015435E-09
58.0847489 1.014514E-09
58.4047489 1.009221E-09
58.6767489 9.98385E-10
59.1317489 9.862046E-10
59.3997489 9.712982E-10
59.7207489 9.517651E-10
59.9917489 9.293921E-10
60.3357489 9.089676E-10
60.5837489 8.96116E-10
60.9057489 8.662832E-10
61.2097489 8.252174E-10
61.5417489 7.928073E-10
61.8017489 7.677459E-10
62.2577489 7.393437E-10
62.5237489 7.093791E-10
62.8447489 6.765263E-10
63.1497489 6.425824E-10
63.4707489 6.069756E-10
63.7407489 5.649444E-10
64.0627489 5.321903E-10
64.3337489 5.032739E-10
64.6557489 4.630844E-10
64.9577489 4.143531E-10
65.4057489 3.657987E-10
65.6477489 3.186407E-10
65.9967489 2.794746E-10
66.2407489 2.464222E-10
66.5617489 2.13889E-10
66.8657489 1.791787E-10
67.1897489 1.437406E-10
67.4567489 1.08546E-10
67.7767489 7.235806E-11
68.0477489 3.588611E-11
68.4797489 -3.536853E-12
68.7717489 -4.473977E-11
69.0937489 -9.06973E-11
69.3627489 -1.39413E-10
69.6847489 -1.818928E-10
69.9547489 -2.176366E-10
70.2767489 -2.536541E-10
70.5487489 -2.913797E-10
70.8697489 -3.314257E-10
71.1427489 -3.732156E-10
71.5757489 -4.089434E-10
71.8367489 -4.406874E-10
72.1647489 -4.685345E-10
72.4277489 -4.94991E-10
72.7497489 -5.2645E-10
73.0617489 -5.63626E-10
73.3907489 -6.032438E-10
73.6547489 -6.402633E-10
74.0437489 -6.72472E-10
74.3537489 -6.996479E-10
74.8077489 -7.168051E-10
75.1167489 -7.314884E-10
75.4617489 -7.628488E-10
75.7077489 -7.932542E-10
76.2007489 -8.228708E-10
76.5247489 -8.467592E-10
76.8187489 -8.603406E-10
77.2187489 -8.762349E-10
77.4747489 -8.904848E-10
77.8027489 -9.046659E-10
78.0667489 -9.303907E-10
78.5027489 -9.613186E-10
78.7907489 -9.827054E-10
79.1157489 -1.005155E-09
79.3827489 -1.027531E-09
79.7047489 -1.047192E-09
79.9757489 -1.063881E-09
80.3007489 -1.071641E-09
80.5667489 -1.073995E-09
80.8947489 -1.070818E-09
81.1937489 -1.060395E-09
81.6397489 -1.047228E-09
81.8837489 -1.029417E-09
82.2057489 -1.016323E-09
82.4747489 -1.006349E-09
82.8317489 -9.996112E-10
83.1337489 -9.941146E-10
83.4557489 -9.869361E-10
83.7267489 -9.790952E-10
84.0717489 -9.728041E-10
84.3177489 -9.676168E-10
84.7737489 -9.517478E-10
85.0417489 -9.298453E-10
85.3687489 -8.95706E-10
85.6347489 -8.525041E-10
85.9557489 -8.118795E-10
86.2247489 -7.703643E-10
86.5487489 -7.381462E-10
86.8837489 -7.124608E-10
87.2047489 -6.860054E-10
87.4757489 -6.598656E-10
87.9327489 -6.371966E-10
88.2027489 -6.163839E-10
88.5247489 -5.974673E-10
88.8337489 -5.783264E-10
89.1647489 -5.515113E-10
89.4657489 -5.233436E-10
89.7987489 -4.873612E-10
90.0687489 -4.455869E-10
90.4147489 -4.065267E-10
90.6997489 -3.67769E-10
91.1337489 -3.249024E-10
91.4237489 -2.786439E-10
91.7497489 -2.27515E-10
92.0147489 -1.740564E-10
92.3377489 -1.212952E-10
92.6057489 -6.919695E-11
92.9307489 -2.0419E-11
93.1977489 2.532556E-11
93.5407489 7.0767E-11
93.7897489 1.15612E-10
94.2277489 1.486369E-10
94.4817489 1.737934E-10
94.8257489 1.96095E-10
95.1067489 2.178732E-10
95.4427489 2.443505E-10
95.6987489 2.740164E-10
96.0307489 3.061194E-10
96.2887489 3.393952E-10
96.6367489 3.831212E-10
96.9157489 4.299992E-10
97.3827489 4.727715E-10
97.6377489 5.13817E-10
97.9747489 5.494407E-10
98.2307489 5.808243E-10
98.5757489 6.067107E-10
98.8547489 6.31552E-10
99.1927489 6.61224E-10
99.4477489 6.960791E-10
99.7817489 7.286145E-10
100.0377489 7.622897E-10
100.4947489 7.951848E-10
100.7957489 8.262754E-10
101.2847489 8.543325E-10
101.6067489 8.796397E-10
101.8997489 8.999853E-10
102.2327489 9.228633E-10
102.4897489 9.488469E-10
102.8127489 9.710009E-10
103.0817489 9.871095E-10
103.4027489 9.963299E-10
103.6737489 1.008949E-09
104.1277489 1.021156E-09
104.3977489 1.030626E-09
104.7247489 1.037674E-09
105.0217489 1.04367E-09
105.3547489 1.051515E-09
105.6137489 1.056752E-09
105.9557489 1.055796E-09
106.2047489 1.050335E-09
106.5257489 1.046207E-09
106.7977489 1.043999E-09
107.2307489 1.045634E-09
107.4877489 1.050366E-09
107.9087489 1.052889E-09
108.1757489 1.053122E-09
108.4977489 1.039529E-09
108.8017489 1.015075E-09
109.1347489 9.942079E-10
109.3927489 9.740129E-10
109.7367489 9.481642E-10
109.9847489 9.176434E-10
110.4177489 8.877267E-10
110.6747489 8.583279E-10
111.0067489 8.339777E-10
111.2997489 8.122576E-10
111.6217489 7.89676E-10
111.8907489 7.675611E-10
112.2127489 7.411052E-10
112.4847489 7.129192E-10
112.8267489 6.885376E-10
113.1097489 6.646226E-10
113.5737489 6.316636E-10
113.8317489 5.933525E-10
114.1547489 5.485862E-10
114.4237489 4.998668E-10
114.8087489 4.553418E-10
115.1157489 4.147158E-10
115.4597489 3.760947E-10
115.7077489 3.39109E-10
116.0287489 2.951737E-10
116.2987489 2.477733E-10
116.7317489 2.060685E-10
117.0227489 1.673964E-10
117.3557489 1.301132E-10
117.6137489 9.395044E-11
117.9347489 5.775821E-11
118.2057489 2.037619E-11
118.5407489 -1.860282E-11
118.7977489 -5.869908E-11
119.1207489 -9.723334E-11
119.3907489 -1.331684E-10
119.8227489 -1.711756E-10
120.0807489 -2.096105E-10
120.4137489 -2.489397E-10
120.6717489 -2.893894E-10
120.9937489 -3.335286E-10
121.2987489 -3.80739E-10
121.6207489 -4.248613E-10
121.8887489 -4.670972E-10
122.2107489 -5.023005E-10
122.5237489 -5.353186E-10
122.9617489 -5.737419E-10
123.2557489 -6.150012E-10
123.5787489 -6.487746E-10
123.8867489 -6.78296E-10
124.2147489 -7.062579E-10
124.5187489 -7.323879E-10
124.9377489 -7.51349E-10
125.2497489 -7.666333E-10
125.5727489 -7.907178E-10
125.8417489 -8.203747E-10
126.3287489 -8.647819E-10
126.7647489 -8.867433E-10
127.0537489 -9.111033E-10
127.3917489 -9.351379E-10
127.6447489 -9.560885E-10
127.9667489 -9.749913E-10
128.2357489 -9.987493E-10
128.5747489 -1.036061E-09
128.8607489 -1.058752E-09
129.2127489 -1.06398E-09
129.4837489 -1.039845E-09
129.9537489 -1.029739E-09
130.2067489 -1.04269E-09
130.5307489 -1.037562E-09
130.8317489 -1.038226E-09
131.1677489 -1.041724E-09
131.4227489 -1.045622E-09
131.7557489 -1.037367E-09
132.0147489 -1.033505E-09
132.3407489 -1.031163E-09
132.6047489 -1.027252E-09
133.0577489 -1.033668E-09
133.3287489 -1.017775E-09
133.6527489 -1.0166E-09
133.9197489 -1.006839E-09
134.2427489 -9.885635E-10
134.5117489 -9.61538E-10
134.8397489 -9.29157E-10
135.1027489 -8.946953E-10
135.4347489 -8.692023E-10
135.6927489 -8.505934E-10
136.1337489 -8.216969E-10
136.3827489 -7.891617E-10
136.7257489 -7.546664E-10
137.0107489 -7.179908E-10
137.3407489 -6.829902E-10
137.6057489 -6.541903E-10
137.9287489 -6.338529E-10
138.1987489 -6.174539E-10
138.5247489 -5.963184E-10
138.8307489 -5.691423E-10
139.2947489 -5.318727E-10
139.5577489 -4.912757E-10
139.8817489 -4.52131E-10
140.1507489 -4.154726E-10
140.4717489 -3.803788E-10
140.7797489 -3.451132E-10
141.1247489 -2.972459E-10
141.3697489 -2.415592E-10
141.6917489 -1.851158E-10
141.9617489 -1.316657E-10
142.4587489 -8.942338E-11
142.7527489 -5.224803E-11
143.0867489 -2.531516E-11
143.3457489 -4.938476E-12
143.6717489 1.354471E-11
143.9387489 3.413844E-11
144.2607489 5.356758E-11
144.5297489 1.0766E-10
145.0427489 1.370781E-10
145.3197489 1.636083E-10
145.7677489 1.940402E-10
146.0437489 2.333666E-10
146.3697489 2.838033E-10
146.6347489 3.381017E-10
146.9577489 3.903187E-10
147.2587489 4.334605E-10
147.5957489 4.821159E-10
147.8497489 5.249632E-10
148.1837489 5.627604E-10
148.4407489 6.000738E-10
148.8987489 6.413079E-10
149.1647489 6.844819E-10
149.4947489 7.227046E-10
149.7547489 7.58699E-10
150.1027489 7.911187E-10
150.3467489 8.235778E-10
150.6707489 8.430804E-10
150.9727489 8.514044E-10
151.4637489 8.718064E-10
151.7987489 8.954024E-10
152.0787489 9.108901E-10
152.6207489 9.310119E-10
152.8997489 9.534458E-10
153.2547489 9.756485E-10
153.5247489 1.000276E-09
153.8457489 1.018724E-09
154.1157489 1.033405E-09
154.4367489 1.043452E-09
154.7407489 1.0455E-09
155.0837489 1.050054E-09
155.3327489 1.057613E-09
155.7657489 1.050488E-09
156.0237489 1.036178E-09
156.3457489 1.020829E-09
156.6157489 1.00563E-09
156.9367489 9.978797E-10
157.2397489 9.935038E-10
157.5717489 9.949211E-10
157.8317489 9.983406E-10
158.1597489 9.955619E-10
158.4237489 9.878057E-10
158.8777489 9.928136E-10
159.1807489 9.846437E-10
159.5037489 9.718469E-10
159.7707489 9.539509E-10
160.0927489 9.290397E-10
160.3637489 9.020867E-10
160.6847489 8.747576E-10
160.9887489 8.503259E-10
161.3217489 8.212242E-10
161.5817489 7.884092E-10
162.0217489 7.405258E-10
162.2717489 7.047749E-10
162.6147489 6.683237E-10
162.8957489 6.320872E-10
163.2297489 6.015813E-10
163.4867489 5.757307E-10
163.8097489 5.425764E-10
164.0777489 5.020753E-10
164.4007489 4.616625E-10
164.6697489 4.220422E-10
165.1037489 3.871784E-10
165.3927489 3.552293E-10
165.7127489 3.288262E-10
165.9847489 3.069231E-10
166.3057489 2.788125E-10
166.5787489 2.441686E-10
166.9017489 2.112468E-10
167.1707489 1.784103E-10
167.4957489 1.410501E-10
167.7607489 1.002149E-10
168.1967489 5.388793E-11
168.4507489 5.521805E-12
168.7837489 -4.171247E-11
169.0757489 -8.800051E-11
169.4227489 -1.349907E-10
169.6667489 -1.829648E-10
169.9897489 -2.309054E-10
170.2607489 -2.777913E-10
170.6427489 -3.235953E-10
170.9237489 -3.667331E-10
171.3887489 -4.021592E-10
171.6467489 -4.33709E-10
171.9697489 -4.653287E-10
172.2767489 -4.993116E-10
172.6097489 -5.369146E-10
172.8697489 -5.760047E-10
173.2007489 -6.156596E-10
173.5047489 -6.543378E-10
173.9247489 -6.782261E-10
174.2357489 -6.947513E-10
174.6907489 -7.129756E-10
174.9987489 -7.329574E-10
175.3207489 -7.560793E-10
175.5907489 -7.801025E-10
176.0817489 -8.091189E-10
176.4057489 -8.401444E-10
176.6967489 -8.680284E-10
177.1187489 -8.907617E-10
177.3847489 -9.180319E-10
177.7077489 -9.468619E-10
177.9747489 -9.727892E-10
178.4147489 -9.951253E-10
178.6647489 -1.014765E-09
179.0077489 -1.033987E-09
179.2887489 -1.037859E-09
179.6237489 -1.030028E-09
179.8797489 -1.016432E-09
180.2117489 -1.011515E-09
180.4717489 -1.122333E-09
180.8077489 -1.121153E-09
181.0967489 -1.116789E-09
181.5317489 -1.119983E-09
181.7867489 -1.125844E-09
182.1227489 -1.122757E-09
182.3797489 -1.113301E-09
182.7017489 -1.10862E-09
182.9697489 -1.109161E-09
183.2937489 -1.101974E-09
183.5607489 -9.791234E-10
183.9797489 -9.614421E-10
184.2507489 -9.417462E-10
184.6857489 -9.198249E-10
184.9737489 -8.985915E-10
185.2957489 -8.798104E-10
185.5647489 -8.635256E-10
185.9127489 -8.415589E-10
186.1567489 -8.153925E-10
186.4777489 -7.863511E-10
186.7497489 -7.554914E-10
187.0767489 -7.258039E-10
187.3417489 -6.976117E-10
187.7817489 -6.667721E-10
188.0677489 -6.362969E-10
188.3927489 -5.994015E-10
188.6757489 -5.60912E-10
188.9967489 -5.222749E-10
189.3107489 -4.830501E-10
189.6587489 -4.446999E-10
189.9077489 -4.080236E-10
190.2277489 -3.723036E-10
190.5407489 -3.374978E-10
190.9777489 -3.077187E-10
191.2697489 -2.766502E-10
191.6127489 -2.410303E-10
191.8607489 -1.994318E-10
192.1877489 -1.55426E-10
192.4527489 -1.109654E-10
192.7767489 -6.743302E-11
193.0787489 -2.353381E-11
193.4277489 2.594256E-12
193.6697489 3.027502E-11
194.1077489 7.194807E-11
194.3597489 1.44971E-10
194.8727489 1.65066E-10
195.1517489 1.812787E-10
195.4737489 2.03275E-10
195.7437489 2.289735E-10
196.0917489 2.600771E-10
196.3337489 3.073633E-10
196.6587489 3.51874E-10
196.9257489 3.869992E-10
197.3637489 4.325485E-10
197.6167489 4.782914E-10
198.0357489 5.2723E-10
198.3067489 5.757746E-10
198.6447489 6.176601E-10
198.9317489 6.548023E-10
199.2527489 6.863815E-10
199.5247489 7.150027E-10
199.8507489 7.436234E-10
200.1157489 7.735348E-10
200.5707489 7.967604E-10
200.8707489 8.217208E-10
201.3617489 8.42469E-10
201.6837489 8.61414E-10
201.9767489 8.789983E-10
202.3247489 9.012552E-10
202.5677489 1.002313E-09
202.8917489 1.031306E-09
203.1937489 1.060146E-09
203.5247489 1.080093E-09
203.7857489 1.089268E-09
204.2387489 1.094637E-09
204.5077489 1.104349E-09
204.8277489 1.110956E-09
205.1337489 1.119593E-09
205.4557489 1.125311E-09
205.7257489 1.053878E-09
206.0467489 1.054365E-09
206.3167489 1.052783E-09
206.6377489 1.049756E-09
206.9747489 1.04508E-09
207.4067489 1.041016E-09
207.6637489 1.03276E-09
208.0067489 1.023202E-09
208.2557489 1.007568E-09
208.5757489 9.91624E-10
208.8807489 9.792701E-10
209.2247489 9.601053E-10
209.4717489 9.395916E-10
209.7937489 9.210281E-10
210.0637489 9.061253E-10
210.4947489 8.780072E-10
210.7877489 8.435513E-10
211.1217489 8.174582E-10
211.3797489 7.986707E-10
211.7017489 7.736243E-10
211.9697489 7.37834E-10
212.3037489 7.058936E-10
212.5617489 6.68553E-10
212.8837489 6.338489E-10
213.1887489 5.999718E-10
213.6317489 5.770573E-10
213.8777489 5.593582E-10
214.1977489 5.310533E-10
214.4697489 4.969047E-10
214.7907489 4.606989E-10
215.0957489 4.235854E-10
215.4187489 3.827688E-10
215.6877489 3.447189E-10
216.0097489 3.069783E-10
216.2797489 2.686507E-10
216.7137489 2.200734E-10
217.0037489 1.660472E-10
217.3257489 1.204799E-10
217.5957489 7.844488E-11
217.9177489 4.161977E-11
218.1857489 8.264923E-12
218.5077489 -3.179918E-11
218.8127489 -7.836989E-11
219.1677489 -1.183642E-10
219.4367489 -1.526352E-10
219.8707489 -1.840615E-10
220.1287489 -2.1493E-10
220.4617489 -2.548044E-10
220.7537489 -3.00177E-10
221.0737489 -3.451675E-10
221.3477489 -3.886794E-10
221.6997489 -4.28978E-10
221.9497489 -4.64212E-10
222.2707489 -5.029715E-10
222.5417489 -5.432577E-10
223.0037489 -5.72714E-10
223.3007489 -5.955875E-10
223.6447489 -6.143223E-10
223.9297489 -6.321266E-10
224.2627489 -6.594954E-10
224.5217489 -6.934427E-10
224.8527489 -7.274609E-10
225.1487489 -7.616617E-10
225.4837489 -7.897288E-10
225.7497489 -8.136289E-10
226.2397489 -8.43408E-10
226.6837489 -8.780259E-10
226.9647489 -9.130935E-10
227.2867489 -9.42823E-10
227.5557489 -9.614316E-10
227.9147489 -9.70954E-10
228.1827489 -9.691243E-10
228.5037489 -9.710303E-10
228.8067489 -9.77307E-10
229.1677489 -9.976058E-10
229.4297489 -1.019543E-09
229.8857489 -1.027024E-09
230.1517489 -1.02427E-09
230.4787489 -1.027936E-09
230.7437489 -1.037367E-09
231.0687489 -1.049944E-09
231.3367489 -1.063499E-09
231.6617489 -1.06106E-09
231.9287489 -1.053485E-09
232.2537489 -1.032286E-09
232.5197489 -1.004208E-09
232.9827489 -9.890281E-10
233.2767489 -9.809457E-10
233.6017489 -9.684104E-10
233.8677489 -9.49595E-10
234.1927489 -9.284368E-10
234.4607489 -9.081114E-10
234.8047489 -8.940524E-10
235.0867489 -8.846737E-10
235.4197489 -8.736176E-10
235.6767489 -8.602559E-10
236.1497489 -8.405631E-10
236.3967489 -8.184133E-10
236.7427489 -7.860639E-10
237.0317489 -7.489847E-10
237.3597489 -7.110476E-10
237.6257489 -6.731968E-10
237.9517489 -6.358973E-10
238.2197489 -5.981794E-10
238.5627489 -5.608506E-10
238.8807489 -5.234473E-10
239.4137489 -4.938292E-10
239.7057489 -4.656984E-10
240.0337489 -4.363484E-10
240.2947489 -4.056422E-10
240.6247489 -3.700303E-10
240.8857489 -3.306588E-10
241.2277489 -2.880103E-10
241.4767489 -2.447618E-10
241.7987489 -1.999248E-10
242.0687489 -1.538829E-10
242.5007489 -9.779476E-11
242.7597489 -4.024564E-11
243.0957489 2.234905E-12
243.3497489 3.377301E-11
243.6827489 6.419532E-11
243.9417489 9.602944E-11
244.2887489 1.290977E-10
244.5327489 1.618733E-10
244.8547489 1.917407E-10
245.1267489 2.194528E-10
245.5617489 2.489896E-10
245.8167489 2.793594E-10
246.2367489 3.143244E-10
246.5067489 3.52184E-10
246.8307489 3.914198E-10
247.0967489 4.276237E-10
247.4227489 4.633346E-10
247.6877489 5.012908E-10
248.0137489 5.408822E-10
248.2797489 5.836617E-10
248.7167489 6.173243E-10
249.0037489 6.470401E-10
249.3307489 6.766006E-10
249.5957489 7.080011E-10
249.9277489 7.394381E-10
250.1877489 7.745008E-10
250.5177489 8.081179E-10
250.8127489 8.394221E-10
251.3017489 8.755905E-10
251.6317489 9.111171E-10
251.9197489 9.479934E-10
252.3527489 9.765521E-10
252.6097489 9.998252E-10
253.0097489 1.01544E-09
253.2997489 1.021277E-09
253.6487489 1.050579E-09
253.8917489 1.053425E-09
254.2147489 1.056201E-09
254.4847489 1.048365E-09
254.8057489 1.031522E-09
255.0767489 1.010559E-09
255.5307489 1.006373E-09
255.7997489 1.010834E-09
256.1217489 1.024313E-09
256.3917489 1.041541E-09
256.7377489 1.024053E-09
257.0167489 1.027487E-09
257.3497489 1.036854E-09
257.6087489 1.035566E-09
257.9367489 1.0318E-09
258.1987489 1.027108E-09
258.6537489 1.012045E-09
258.9577489 9.909473E-10
259.3017489 9.670876E-10
259.5467489 9.388439E-10
259.8687489 9.145421E-10
260.1397489 8.91722E-10
260.4617489 8.552856E-10
260.7647489 8.230833E-10
261.0987489 7.937228E-10
261.3557489 7.674938E-10
261.7967489 7.454003E-10
262.0457489 7.266857E-10
262.3887489 7.049326E-10
262.6377489 7.124771E-10
262.9597489 6.854264E-10
263.2637489 6.547606E-10
263.5867489 6.266981E-10
263.8547489 6.028005E-10
264.1767489 5.787621E-10
264.4477489 5.49711E-10
264.8797489 5.042838E-10
265.1697489 4.501189E-10
265.4917489 3.928744E-10
265.7617489 3.054804E-10
266.0817489 2.572355E-10
266.3547489 2.170493E-10
266.6767489 1.780001E-10
267.0107489 1.372914E-10
267.3537489 9.391651E-11
267.6017489 5.36285E-11
268.0347489 2.215991E-11
268.2927489 -4.480958E-12
268.6247489 -3.09289E-11
268.9187489 -5.941461E-11
269.2547489 -9.941068E-11
269.5097489 -1.477106E-10
269.8297489 -1.973287E-10
270.1027489 -2.452081E-10
270.4437489 -2.920283E-10
270.7267489 -3.390017E-10
271.1927489 -3.788145E-10
271.4487489 -4.147862E-10
271.7697489 -4.442052E-10
272.0787489 -4.708545E-10
272.4087489 -5.011563E-10
272.7097489 -5.350001E-10
273.0417489 -5.650808E-10
273.3427489 -5.936489E-10
273.7447489 -6.212899E-10
273.9997489 -6.475287E-10
274.4537489 -6.768819E-10
274.7377489 -7.075008E-10
275.0697489 -7.569528E-10
275.3307489 -7.941723E-10
275.6587489 -8.243313E-10
275.9217489 -8.488089E-10
276.4167489 -8.713976E-10
276.7387489 -8.90354E-10
277.0347489 -9.040518E-10
277.3617489 -9.196767E-10
277.6267489 -9.372972E-10
278.0807489 -9.571038E-10
278.3477489 -9.592965E-10
278.6717489 -9.74392E-10
278.9737489 -9.882439E-10
279.3067489 -1.007192E-09
279.5647489 -1.027754E-09
279.9117489 -1.042056E-09
280.1557489 -1.051503E-09
280.4777489 -1.055841E-09
280.7817489 -1.059415E-09
281.2387489 -1.096489E-09
281.5037489 -1.105623E-09
281.8257489 -1.105336E-09
282.0957489 -1.095276E-09
282.4207489 -1.072406E-09
282.6877489 -1.04725E-09
283.0307489 -1.027183E-09
283.3107489 -1.010338E-09
283.6467489 -9.95526E-10
283.9027489 -9.778655E-10
284.3367489 -9.218376E-10
284.5907489 -8.896403E-10
284.9407489 -8.627296E-10
285.2177489 -8.42092E-10
285.5507489 -8.276632E-10
285.8077489 -8.16497E-10
286.1407489 -8.060045E-10
286.3997489 -7.947389E-10
286.7437489 -7.74001E-10
287.0277489 -7.44641E-10
287.5677489 -7.077921E-10
287.8237489 -6.708207E-10
288.1467489 -6.305882E-10
288.4177489 -5.901639E-10
288.7447489 -5.47225E-10
289.0457489 -5.049228E-10
289.3897489 -4.66194E-10
289.6797489 -4.296851E-10
290.0087489 -3.942263E-10
290.2687489 -3.603426E-10
290.7097489 -3.280967E-10
290.9937489 -2.959907E-10
291.3407489 -2.687154E-10
291.5867489 -2.421517E-10
291.9077489 -2.092431E-10
292.1777489 -1.693109E-10
292.5047489 -1.214076E-10
292.8027489 -7.101809E-11
293.1477489 -2.380956E-11
293.3947489 1.870322E-11
293.8307489 4.028253E-11
294.0847489 6.493098E-11
294.4447489 1.323224E-10
294.9077489 1.655692E-10
295.2407489 1.984195E-10
295.4987489 2.263421E-10
295.8297489 2.55447E-10
296.0947489 2.836109E-10
296.4207489 3.094097E-10
296.6827489 3.459714E-10
297.1207489 3.845595E-10
297.4067489 4.223867E-10
297.7747489 4.632417E-10
298.0317489 5.00589E-10
298.3547489 5.363109E-10
298.6227489 5.722481E-10
298.9467489 6.0797E-10
299.2487489 6.440926E-10
299.5847489 6.913543E-10
299.8397489 7.452932E-10
300.2977489 7.915388E-10
300.5627489 8.3268E-10
301.0547489 8.634015E-10
301.3907489 8.937048E-10
301.6697489 9.188378E-10
302.0247489 9.378429E-10
302.2937489 9.496095E-10
302.6157489 9.605053E-10
302.9187489 9.639223E-10
303.2517489 9.653586E-10
303.5097489 9.672123E-10
303.9637489 9.767623E-10
304.2327489 9.923014E-10
304.5617489 1.008897E-09
304.8567489 1.026597E-09
305.1867489 1.041005E-09
305.4487489 1.05375E-09
305.7917489 1.075141E-09
306.0407489 1.080406E-09
306.3627489 1.078303E-09
306.6327489 1.071079E-09
307.0657489 1.051449E-09
307.3567489 1.026361E-09
307.6777489 1.005703E-09
307.9477489 9.977257E-10
308.2707489 9.854852E-10
308.5377489 9.738691E-10
308.8597489 9.472032E-10
309.1637489 9.326501E-10
309.5067489 9.188472E-10
309.7537489 9.075366E-10
310.1877489 8.982194E-10
310.4437489 8.888E-10
310.7777489 8.675999E-10
311.0687489 8.289603E-10
311.3897489 8.004636E-10
311.6597489 7.683237E-10
311.9867489 7.440789E-10
312.2517489 7.171611E-10
312.5727489 6.901888E-10
312.8447489 6.595285E-10
313.2987489 6.201963E-10
313.5667489 5.774824E-10
313.8887489 5.411913E-10
314.1597489 5.100514E-10
314.4817489 4.815831E-10
314.7527489 4.616741E-10
315.0747489 4.312889E-10
315.3417489 3.991323E-10
315.6757489 3.576931E-10
315.9337489 3.127811E-10
316.3877489 2.72754E-10
316.6567489 2.358607E-10
316.9797489 1.970801E-10
317.2827489 1.566798E-10
317.6157489 1.075386E-10
317.8737489 5.238834E-11
318.2167489 -2.663358E-12
318.4647489 -5.526037E-11
318.7867489 -9.630399E-11
319.0917489 -1.301001E-10
319.5467489 -1.644059E-10
319.8147489 -1.998749E-10
320.1367489 -2.395677E-10
320.4057489 -2.820199E-10
320.7267489 -3.198657E-10
321.0297489 -3.544317E-10
321.3647489 -3.873788E-10
321.6217489 -4.202008E-10
321.9437489 -4.554201E-10
322.2147489 -4.917964E-10
322.6617489 -5.28728E-10
322.9417489 -5.671892E-10
323.2657489 -5.975471E-10
323.5767489 -6.253935E-10
323.9177489 -6.538293E-10
324.1787489 -6.827919E-10
324.5007489 -7.092952E-10
324.7717489 -7.350661E-10
325.0937489 -7.661669E-10
325.3627489 -8.158486E-10
325.8927489 -8.517635E-10
326.1527489 -8.843938E-10
326.6457489 -9.083176E-10
326.9667489 -9.233557E-10
327.2677489 -9.325816E-10
327.6027489 -9.431539E-10
327.8577489 -9.547646E-10
328.1847489 -9.70074E-10
328.4477489 -9.803184E-10
328.7757489 -9.777109E-10
329.0397489 -9.761615E-10
329.5027489 -9.825045E-10
329.7637489 -9.928084E-10
330.0877489 -1.011438E-09
330.3557489 -1.032767E-09
330.6807489 -1.048494E-09
330.9807489 -1.05916E-09
331.3027489 -1.063387E-09
331.5727489 -1.063082E-09
331.8967489 -1.054454E-09
332.1647489 -1.049821E-09
332.6187489 -1.030607E-09
332.8867489 -1.014213E-09
333.2157489 -9.959453E-10
333.4787489 -9.782181E-10
333.8047489 -9.646188E-10
334.0717489 -9.53665E-10
334.3967489 -9.371707E-10
334.6607489 -9.158057E-10
334.9877489 -8.907253E-10
335.2517489 -8.639769E-10
335.7087489 -8.389529E-10
335.9747489 -8.163235E-10
336.2957489 -7.942779E-10
336.5657489 -7.72382E-10
336.9047489 -7.472368E-10
337.1867489 -7.193074E-10
337.5397489 -6.879666E-10
337.7887489 -6.567099E-10
338.1157489 -6.250733E-10
338.3827489 -5.935885E-10
338.8167489 -5.699471E-10
339.1097489 -5.472939E-10
339.4507489 -5.14758E-10
339.7037489 -4.766935E-10
340.0367489 -4.321673E-10
340.2947489 -3.845723E-10
340.6257489 -3.406412E-10
340.8877489 -2.981689E-10
341.2087489 -2.586454E-10
341.4827489 -2.211786E-10
341.9187489 -1.762599E-10
342.1717489 -1.290814E-10
342.5067489 -8.764109E-11
342.7987489 -4.805346E-11
343.2227489 -6.539914E-12
343.4877489 3.418813E-11
343.8097489 7.126862E-11
344.0797489 1.037025E-10
344.4037489 1.329862E-10
344.6717489 1.60825E-10
345.1247489 1.945538E-10
345.3947489 2.310005E-10
345.7187489 2.708185E-10
345.9857489 3.119472E-10
346.3077489 3.474525E-10
346.5787489 3.806601E-10
346.9047489 4.195069E-10
347.2037489 4.600595E-10
347.5357489 5.005789E-10
347.7947489 5.405532E-10
348.2527489 5.746406E-10
348.5177489 6.054551E-10
348.8387489 6.379506E-10
349.1107489 6.72961E-10
349.4347489 7.078387E-10
349.7027489 7.415404E-10
350.1217489 7.691933E-10
350.3927489 7.956766E-10
350.7187489 8.210587E-10
351.0187489 8.469669E-10
351.5077489 8.757017E-10
351.9527489 9.051287E-10
352.2347489 9.259867E-10
352.5587489 9.39442E-10
352.8587489 9.49028E-10
353.2027489 9.647398E-10
353.4497489 9.840763E-10
353.7727489 1.000955E-09
354.0417489 1.016991E-09
354.3617489 1.035172E-09
354.6337489 1.066222E-09
355.0667489 1.066301E-09
355.3087489 1.060899E-09
355.6287489 1.056214E-09
355.7757489 1.0517E-09
356.0977489 1.043439E-09
356.2447489 1.03125E-09
356.5657489 1.023537E-09
356.8087489 1.019117E-09
357.1427489 1.013587E-09
357.2897489 9.895296E-10
357.7487489 9.869522E-10
357.8967489 9.844618E-10
358.2187489 9.780271E-10
358.3657489 9.711213E-10
358.6897489 9.640359E-10
358.9177489 9.578796E-10
359.2407489 9.542431E-10
359.3877489 9.493342E-10
359.7107489 9.287155E-10
359.8647489 9.088335E-10
360.2977489 8.911974E-10
