0.6750595 -0.005566916 -0.001376304
1.3211396 0.17076585607462 4.5
2.565264 0.165432777732313 4.5
3.1723247 0.125563258663444 4.5
3.7683843 0.0280484040533791 4.5
4.4934568 0.0331823510302961 4.5
5.12552 0.0779754362027108 4.5
5.7125787 0.100162620503056 4.5
6.3216396 0.0951567040079088 4.5
6.8966971 0.0814390363611868 4.5
7.6437718 0.0674360640447338 4.5
8.2898364 0.0647025783168931 4.5
8.8688943 0.0681101699471458 4.5
9.4599534 0.0770968326155574 4.5
10.076015 0.0711726000206914 4.5
10.756083 0.0760736153186995 4.5
11.3701444 0.0647626102036862 4.5
11.966204 0.060927346915838 4.5
12.5552629 0.044673745982422 4.5
13.1903264 0.0587881218815434 4.5
13.9003974 0.0545923360357873 4.5
14.4944568 0.0557402884867317 4.5
15.1575231 0.0353336912992845 4.5
15.7415815 0.0404928116000597 4.5
16.3346408 0.03822421549008 4.5
17.0587132 0.0402998099877093 4.5
17.6487722 0.0266620431797704 4.5
18.2388312 0.023436844575674 4.5
18.8308904 0.0191474133731535 4.5
19.4219495 0.0109122796903748 4.5
20.1290202 0.0153721440652259 4.5
20.7300803 0.0174093306194314 4.5
21.3441417 0.0141829452134428 4.5
21.9382011 -0.01252331578111 -4.5
22.5552628 -0.00536962695634269 -4.5
23.3013374 -0.00312173533887493 -4.5
23.8823955 -0.012244588916601 -4.5
24.4904563 0.000740707453088403 4.5
25.1085181 -0.0034799237297918 -4.5
25.7315804 -0.0259202456663693 -4.5
26.1506068 0.02548056 -0.02369953
26.9236996 -0.0257185250059255 -4.5
27.5337489 -0.0251763689419365 -4.5
28.1327489 -0.0137469407837463 -4.5
28.7157489 -0.0329391205969058 -4.5
29.3427489 -0.0167931015049958 -4.5
30.0647489 -0.0202399656584876 -4.5
30.6577489 -0.0278837061506067 -4.5
31.2927489 -0.0265282385203144 -4.5
31.8957489 -0.0303406201204215 -4.5
32.4627489 -0.0326897059540634 -4.5
33.1907489 -0.0270362781848502 -4.5
33.7797489 -0.0127866889337139 -4.5
34.3747489 -0.0201852275932089 -4.5
34.9837489 -0.0233974877791825 -4.5
35.6007489 -0.00876974281959807 -4.5
36.3257489 -0.0196718208953034 -4.5
36.9307489 -0.0110469613302035 -4.5
37.5627489 -0.012137479648808 -4.5
38.1547489 -0.00341759788784331 -4.5
38.7677489 0.000544821686565112 4.5
39.5927489 0.0159130507804171 4.5
40.1697489 0.00764337641003092 4.5
40.7647489 0.0100180248585948 4.5
41.4127489 0.0147555156651822 4.5
41.9857489 0.0235467703554024 4.5
42.6907489 0.0199293913831105 4.5
43.3007489 0.0287957126873063 4.5
43.8937489 0.0339320625479194 4.5
44.6637489 0.0312481340073042 4.5
45.2707489 0.0417816942794865 4.5
45.9987489 0.0474233885196165 4.5
46.5957489 0.0467174323218442 4.5
47.2287489 0.0536972082736163 4.5
47.8027489 0.0572699522621619 4.5
48.3997489 0.064761221042414 4.5
49.1177489 0.0636017448042436 4.5
49.8467489 0.067404460798096 4.5
50.4327489 0.0628605524188389 4.5
50.8567489 0.06248442 0.0773299
51.5337489 0.0719268593831886 4.5
52.1647489 0.081575300114684 4.5
52.8667489 0.0791602764002717 4.5
53.5017489 0.0851736644482764 4.5
54.0727489 0.0690143713551299 4.5
54.6607489 0.081299317040685 4.5
55.2517489 0.0752419153128191 4.5
55.9577489 0.0872120930469061 4.5
56.6127489 0.0770584992297252 4.5
57.2497489 0.0858785767419438 4.5
57.8157489 0.0752053683419078 4.5
58.4067489 0.0778944059923747 4.5
59.1347489 0.0767414080152196 4.5
59.7237489 0.0773360453188255 4.5
60.3387489 0.0566234406575177 4.5
60.9077489 0.0797439931298774 4.5
61.5447489 0.0648722412514391 4.5
62.2597489 0.0632070704028972 4.5
62.8467489 0.0630245049238332 4.5
63.4737489 0.0512669741270662 4.5
64.0647489 0.0465606263648603 4.5
64.6587489 0.0456802616730829 4.5
65.4087489 0.058115185578164 4.5
65.9997489 0.0458828367603166 4.5
66.5647489 0.0358519010552726 4.5
67.1927489 0.0278400637546877 4.5
67.7797489 0.0235003512161345 4.5
68.4827489 0.0282312984172449 4.5
69.0957489 0.0361110255356865 4.5
69.6867489 0.0132471534208429 4.5
70.2787489 0.00218506647063456 4.5
70.8727489 0.0102098526523237 4.5
71.5787489 0.0158247312299007 4.5
72.1677489 0.00803660647507429 4.5
72.7547489 -0.00891993264611624 -4.5
73.3927489 -0.00865558263421609 -4.5
74.0487489 0.0035565665566345 4.5
74.8127489 -0.0159664963491627 -4.5
75.4647489 -0.00776331353033184 -4.5
75.8607489 0.007378452 -0.003077522
76.5277489 -0.0226753330526568 -4.5
77.2217489 -0.0227717954545227 -4.5
77.8047489 -0.0293001605361848 -4.5
78.5057489 -0.0267001953052114 -4.5
79.1177489 -0.0210453246745814 -4.5
79.7077489 -0.0232204779617828 -4.5
80.3037489 -0.0194204505657279 -4.5
80.8967489 -0.0244632319866022 -4.5
81.6427489 -0.0344619052918461 -4.5
82.2077489 -0.0270727316516603 -4.5
82.8357489 -0.0247145736733542 -4.5
83.4587489 -0.0268791699799043 -4.5
84.0747489 -0.0122219189463278 -4.5
84.7757489 -0.00474372078480989 -4.5
85.3717489 -0.0125670666427049 -4.5
85.9587489 -0.0271052630960766 -4.5
86.5517489 -0.0161140077118801 -4.5
87.2077489 -0.00950982597565538 -4.5
87.9357489 -0.00187905560573086 -4.5
88.5307489 0.0022720613695312 4.5
89.1697489 -0.00133101198696631 -4.5
89.8017489 -0.00447821152219334 -4.5
90.4207489 0.0142987645236526 4.5
91.1357489 0.0291918000488225 4.5
91.7527489 0.0283141760172057 4.5
92.3407489 0.0170358529923976 4.5
92.9337489 0.0203953244922417 4.5
93.5437489 0.0189240586220056 4.5
94.2297489 0.0400407314624656 4.5
94.8287489 0.0527710080765853 4.5
95.4447489 0.0393214775076428 4.5
96.0327489 0.0508009545043618 4.5
96.6387489 0.0395210360375422 4.5
97.3847489 0.052124883893258 4.5
97.9777489 0.0573672740911296 4.5
98.5777489 0.0672682142615801 4.5
99.1947489 0.0745697125735892 4.5
99.7837489 0.0593051748324926 4.5
100.4977489 0.0663606554247268 4.5
100.9487489 0.06594742 0.08133572
101.6097489 0.0801330868582482 4.5
102.2357489 0.0827720239676206 4.5
102.8157489 0.0755942611642651 4.5
103.4057489 0.0742235565991338 4.5
104.1297489 0.0743131335293565 4.5
104.7267489 0.0932607145871507 4.5
105.3567489 0.0791440331777271 4.5
105.9577489 0.08027671657693 4.5
106.5277489 0.0886887589214805 4.5
107.2337489 0.079289834762318 4.5
107.9107489 0.076217000489471 4.5
108.5007489 0.0776096886348728 4.5
109.1377489 0.0682532039567395 4.5
109.7397489 0.0787440948646264 4.5
110.4207489 0.0792027961539056 4.5
111.0097489 0.0690258632226369 4.5
111.6237489 0.0649126028311338 4.5
112.2157489 0.0653046301841054 4.5
112.8297489 0.0579144100370838 4.5
113.5767489 0.0527177025315528 4.5
114.1567489 0.0595218629776243 4.5
114.8117489 0.0524859330449584 4.5
115.4627489 0.0363163797189349 4.5
116.0317489 0.0459445254907229 4.5
116.7337489 0.0375864982505501 4.5
117.3587489 0.0414759356327529 4.5
117.9377489 0.0295521030034034 4.5
118.5437489 0.0214934365127121 4.5
119.1237489 0.0236858685030709 4.5
119.8257489 0.0150129994165634 4.5
120.4157489 0.0111321485710941 4.5
120.9967489 0.0105149402163535 4.5
121.6237489 0.0088777899734663 4.5
122.2157489 -0.00496875232269114 -4.5
122.9667489 0.00447445974318613 4.5
123.5827489 -0.00702250811915825 -4.5
124.2207489 0.00405650930601733 4.5
124.9427489 -0.0236789206760584 -4.5
125.5757489 -0.0170964311755804 -4.5
125.9937489 0.01676951 -0.01339511
126.7677489 -0.0181833702594641 -4.5
127.3937489 -0.0188171522146438 -4.5
127.9697489 -0.0287200455990278 -4.5
128.5767489 -0.0112684157049587 -4.5
129.2147489 -0.0147104567676592 -4.5
129.9557489 -0.0336819691364973 -4.5
130.5337489 -0.030250508883498 -4.5
131.1707489 -0.0296939195751314 -4.5
131.7577489 -0.0157310537840722 -4.5
132.3427489 -0.0332157895300148 -4.5
133.0607489 -0.0225560109764635 -4.5
133.6537489 -0.0113066643372316 -4.5
134.2457489 -0.0158939156667099 -4.5
134.8417489 -0.022095235644286 -4.5
135.4377489 -0.0153266152306058 -4.5
136.1367489 -0.00788432639065775 -4.5
136.7277489 -0.00918764643347245 -4.5
137.3437489 -0.0193985927624956 -4.5
137.9317489 -0.00806756855263142 -4.5
138.5297489 0.00702328015029213 4.5
139.2967489 0.00551686713860031 4.5
139.8847489 0.00312289753770018 4.5
140.4747489 0.0205910016675219 4.5
141.1277489 0.0160511679117275 4.5
141.6947489 0.0190476814709505 4.5
142.4617489 0.00251897249417591 4.5
143.0897489 0.0301908379830531 4.5
143.6737489 0.0530182192170336 4.5
144.2647489 0.0298807309796505 4.5
145.0457489 0.0401086228432185 4.5
145.7707489 0.0517003072488868 4.5
146.3727489 0.0451598606005427 4.5
146.9607489 0.0571834428236006 4.5
147.5977489 0.0506695288321318 4.5
148.1867489 0.06639267477524 4.5
148.9017489 0.0640133487994752 4.5
149.4977489 0.062580426523594 4.5
150.1057489 0.0633213233295259 4.5
150.6737489 0.0719620826829009 4.5
151.1287489 0.07159843 0.08805598
151.8007489 0.0836487839018301 4.5
152.6227489 0.0840389529678595 4.5
153.2567489 0.0698625442130074 4.5
153.8477489 0.0718273376806154 4.5
154.4387489 0.0880889167308807 4.5
155.0857489 0.0745959720942828 4.5
155.7677489 0.0827545973350965 4.5
156.3477489 0.0833204837551762 4.5
156.9397489 0.0843653626614179 4.5
157.5747489 0.0837044327860906 4.5
158.1627489 0.0785712393856532 4.5
158.8807489 0.0741320172617043 4.5
159.5067489 0.0683434055038059 4.5
160.0947489 0.0823735577144224 4.5
160.6877489 0.0678133143010867 4.5
161.3247489 0.0650717317097155 4.5
162.0247489 0.0610077350415048 4.5
162.6177489 0.0675822914006508 4.5
163.2317489 0.0557843377624261 4.5
163.8117489 0.0528677475363156 4.5
164.4037489 0.055960789569573 4.5
165.1057489 0.059249910056251 4.5
165.7167489 0.0457345475855758 4.5
166.3087489 0.0422170178939625 4.5
166.9047489 0.0282918474139406 4.5
167.4977489 0.0279323604452815 4.5
168.2007489 0.0386208490937046 4.5
168.7857489 0.0204169914780713 4.5
169.4247489 0.0181792748239062 4.5
169.9927489 0.00805035613296987 4.5
170.6457489 0.0158391197594624 4.5
171.3907489 0.0186215723310673 4.5
171.9747489 -0.00517683077458308 -4.5
172.6127489 -0.00627828576281281 -4.5
173.2057489 0.00847290152640166 4.5
173.9297489 -0.000930772149060364 -4.5
174.6927489 -0.00380669013167628 -4.5
175.3237489 -0.0256351059892599 -4.5
175.7437489 0.0252413 -0.02263219
176.4087489 -0.016295198587997 -4.5
177.1207489 -0.0181544150862803 -4.5
177.7117489 -0.0158973965300039 -4.5
178.4177489 -0.0226974272176292 -4.5
179.0097489 -0.0147391881999538 -4.5
179.6257489 -0.0345436106511299 -4.5
180.2137489 -0.018209210992468 -4.5
180.8097489 -0.0327351640164132 -4.5
181.5327489 -0.0126678833721017 -4.5
182.1247489 -0.0310125700490103 -4.5
182.7047489 -0.0244923455004123 -4.5
183.2957489 -0.0132736498959607 -4.5
183.9827489 -0.0268847070916938 -4.5
184.6887489 -0.0163844406686778 -4.5
185.2987489 -0.0163131433570618 -4.5
185.9147489 -0.0127718934409757 -4.5
186.4807489 -0.00499392544617045 -4.5
187.0787489 -0.01294753475654 -4.5
187.7877489 0.000340159513313707 4.5
188.3987489 -0.000643386380950574 -4.5
189.0027489 0.000987489924089759 4.5
189.6637489 0.00927577992313193 4.5
190.2347489 -0.00510526179149562 -4.5
190.9827489 0.0310328173812637 4.5
191.6157489 0.0233719710734829 4.5
192.1897489 0.0232047394582759 4.5
192.7797489 0.0210871852460185 4.5
193.4297489 0.0351586745335761 4.5
194.1107489 0.0271116274348246 4.5
194.8757489 0.0448933046774368 4.5
195.4767489 0.0501608783056587 4.5
196.0937489 0.045428875393959 4.5
196.6607489 0.0521793166658472 4.5
197.3657489 0.0565805813606262 4.5
198.0387489 0.057540699816898 4.5
198.6467489 0.060165079368874 4.5
199.2557489 0.0633077008360114 4.5
199.8527489 0.0686141533025985 4.5
200.5737489 0.0695758046270276 4.5
201.0277489 0.06918377 0.08539423
201.6867489 0.081746526622039 4.5
202.3267489 0.0870755111737543 4.5
202.8937489 0.0660732911593759 4.5
203.5267489 0.0787054193876711 4.5
204.2427489 0.0813924327588348 4.5
204.8287489 0.0894710766555786 4.5
205.4577489 0.0886836611928605 4.5
206.0487489 0.0692568077530089 4.5
206.6397489 0.0839491192324367 4.5
207.4087489 0.07559211186254 4.5
208.0097489 0.0881502745073151 4.5
208.5787489 0.0810051907264042 4.5
209.2277489 0.0732165268983637 4.5
209.7957489 0.0626901310166774 4.5
210.4987489 0.081937210911361 4.5
211.1247489 0.0693024445108437 4.5
211.7047489 0.0652804549185054 4.5
212.3057489 0.0627992079678969 4.5
212.8857489 0.0673478161817152 4.5
213.6347489 0.0549713966165502 4.5
214.2007489 0.0556850130600394 4.5
214.7937489 0.0487256239060324 4.5
215.4217489 0.0468383728720764 4.5
216.0127489 0.0331389080965104 4.5
216.7157489 0.0470972001056251 4.5
217.3307489 0.0425841566078376 4.5
217.9197489 0.0162474841347306 4.5
218.5117489 0.0374051488249236 4.5
219.1697489 0.0184902158568989 4.5
219.8737489 0.0131200097833158 4.5
220.4647489 0.0206457457946015 4.5
221.0757489 0.00103040621171662 4.5
221.7027489 0.0104258403275108 4.5
222.2747489 0.0126232630982747 4.5
223.0067489 0.00447881112066206 4.5
223.6487489 -0.0118357529530162 -4.5
224.2657489 -0.0207878225400345 -4.5
224.8557489 -0.00110902476901063 -4.5
225.4857489 -0.0154598262637021 -4.5
225.9027489 0.01509467 -0.01137903
226.6857489 -0.0143336624816323 -4.5
227.2887489 -0.0100286807252435 -4.5
227.9177489 -0.0236707656057348 -4.5
228.5067489 -0.0369935410303318 -4.5
229.1707489 -0.0119392907072397 -4.5
229.8887489 -0.0329657400788915 -4.5
230.4807489 -0.0266561816956901 -4.5
231.0717489 -0.0146225978986422 -4.5
231.6647489 -0.0188423372928184 -4.5
232.2557489 -0.0251937937549126 -4.5
232.9857489 -0.0216125368475887 -4.5
233.6037489 -0.0233005916545202 -4.5
234.1957489 -0.024716696961634 -4.5
234.8077489 -0.0149666220157722 -4.5
235.4227489 -0.0164940246311813 -4.5
236.1527489 -0.000181750069616315 -4.5
236.7457489 -0.00905036705365601 -4.5
237.3627489 -0.0105904463117121 -4.5
237.9537489 -0.000610359590821406 -4.5
238.5647489 -0.0116784797801027 -4.5
239.4187489 0.0137266723857907 4.5
240.0357489 0.012821044033446 4.5
240.6257489 0.0114009645520095 4.5
241.2297489 0.0234755530102573 4.5
241.8007489 0.025114383989006 4.5
242.5027489 0.0108331626704199 4.5
243.0977489 0.0335627555499056 4.5
243.6837489 0.0304435028014088 4.5
244.2917489 0.03671074497779 4.5
244.8557489 0.0458752420176473 4.5
245.5647489 0.039987764248514 4.5
246.2387489 0.047186906508176 4.5
246.8327489 0.0500070570198269 4.5
247.4257489 0.063459132627374 4.5
248.0167489 0.0540072947038676 4.5
248.7187489 0.0582081610120558 4.5
249.3337489 0.0760557671852204 4.5
249.9307489 0.068898234732564 4.5
250.5197489 0.0840733244904543 4.5
250.9657489 0.08370322 0.1017074
251.6337489 0.0676821733396059 4.5
252.3557489 0.0682175234113296 4.5
253.0127489 0.0800239781241771 4.5
253.6517489 0.0795106781849146 4.5
254.2157489 0.0710638367411089 4.5
254.8077489 0.0904562999152015 4.5
255.5327489 0.0897981239532348 4.5
256.1237489 0.0802825689209093 4.5
256.7397489 0.082863989519668 4.5
257.3517489 0.0744338796439274 4.5
257.9387489 0.0791099504746112 4.5
258.6557489 0.0795737229516572 4.5
259.3047489 0.0792531423605862 4.5
259.8707489 0.0671338911382679 4.5
260.4647489 0.0713026003852851 4.5
261.1017489 0.0783104702840452 4.5
261.7997489 0.0711089686436525 4.5
262.3907489 0.0632827329302733 4.5
262.9617489 0.0649868592669863 4.5
263.5887489 0.0548296460912437 4.5
264.1787489 0.0440009860894118 4.5
264.8817489 0.0434820649135694 4.5
265.4947489 0.0570789671317427 4.5
266.0847489 0.0455719907335529 4.5
266.6797489 0.0392503872360063 4.5
267.3567489 0.0369346392524962 4.5
268.0377489 0.0292046764998254 4.5
268.6277489 0.0190649806982831 4.5
269.2577489 0.0206770778100905 4.5
269.8327489 0.0139145803706408 4.5
270.4467489 0.021569706181088 4.5
271.1957489 0.0218246886968567 4.5
271.7767489 -0.00384827450151718 -4.5
272.4147489 0.00665286703172262 4.5
273.0467489 -0.00174278078951027 -4.5
273.7467489 -3.55304039652822E-05 -4.5
274.4567489 -0.00932175727569691 -4.5
275.0717489 -0.0171544114465756 -4.5
275.6617489 -0.00768777905557629 -4.5
276.0737489 0.007280859 -0.002576796
276.7407489 -0.0201333780090335 -4.5
277.3647489 -0.0181137566991374 -4.5
278.0827489 -0.0260497300296895 -4.5
278.6757489 -0.0326499017107975 -4.5
279.3087489 -0.0109520428850117 -4.5
279.9147489 -0.0238608924418722 -4.5
280.4807489 -0.0343504394733024 -4.5
281.2427489 -0.0159366550789574 -4.5
281.8277489 -0.0191475993554696 -4.5
282.4227489 -0.0159287519242319 -4.5
283.0327489 -0.023815137248169 -4.5
283.6497489 -0.0157694827556676 -4.5
284.3397489 -0.0206635216690264 -4.5
284.9437489 -0.0248428191918033 -4.5
285.5527489 -0.0164559170919014 -4.5
286.1427489 -0.0036763025472848 -4.5
286.7457489 -0.000940521684363462 -4.5
287.5707489 -0.00150129958711331 -4.5
288.1497489 -0.00786358271563195 -4.5
288.7487489 -0.00841633959810676 -4.5
289.3947489 0.0106101305015794 4.5
290.0107489 0.0126254467318067 4.5
290.7127489 0.00414797964883841 4.5
291.3427489 0.021889050716841 4.5
291.9107489 0.0251694605966134 4.5
292.5067489 0.026294323981782 4.5
293.1507489 0.0293455068495577 4.5
293.8327489 0.0355772526587046 4.5
294.6237489 0.0369185202680905 4.5
295.2427489 0.0451281478156489 4.5
295.8337489 0.0360728169519455 4.5
296.4237489 0.0557550381794201 4.5
297.1237489 0.0495305347839287 4.5
297.7777489 0.0580776927952442 4.5
298.3567489 0.0626838915467759 4.5
298.9487489 0.0785584556247163 4.5
299.5887489 0.0698597359775415 4.5
300.3007489 0.0689721446340648 4.5
300.7147489 0.06866431 0.08488032
301.3947489 0.0648680575090682 4.5
302.0277489 0.077500314255185 4.5
302.6187489 0.0800354946308404 4.5
303.2537489 0.0892820734500899 4.5
303.9667489 0.0861175170433914 4.5
304.5637489 0.075928274273206 4.5
305.1887489 0.0823838162086723 4.5
305.7937489 0.0765066607135152 4.5
306.3657489 0.075229653492093 4.5
307.0677489 0.0917271400852754 4.5
307.6807489 0.0786714504328015 4.5
308.2737489 0.0787481736123777 4.5
308.8627489 0.0804291946334642 4.5
309.5097489 0.0788115238590119 4.5
310.1907489 0.0685036064635876 4.5
310.7797489 0.0686042133707546 4.5
311.3927489 0.0758435253335308 4.5
311.9897489 0.0667831854366945 4.5
312.5747489 0.056053346976165 4.5
313.3017489 0.0652776326994545 4.5
313.8907489 0.0690387330385031 4.5
314.4847489 0.0546436061195391 4.5
315.0777489 0.0389166681909333 4.5
315.6787489 0.0442422652098849 4.5
316.3907489 0.0444994112032286 4.5
316.9827489 0.0333019216650285 4.5
317.6177489 0.0308448992610476 4.5
318.2207489 0.034622649049966 4.5
318.7897489 0.0246160456601669 4.5
319.5497489 0.0169061010808427 4.5
320.1377489 0.0198059110506872 4.5
320.7297489 0.012924347538062 4.5
321.3687489 0.0110174730504139 4.5
321.9467489 0.00239990267849212 4.5
322.6647489 0.00668015914364617 4.5
323.2707489 -0.00101005714422702 -4.5
323.9207489 -0.00246828787589133 -4.5
324.5027489 -0.0205512725139395 -4.5
325.0967489 -0.0194850783238475 -4.5
325.8957489 -0.00167482524360015 -4.5
326.3047489 0.001340219 0.003800872
326.9697489 -0.0159127151649406 -4.5
327.6057489 -0.0233809843541941 -4.5
328.1867489 -0.0221590674975523 -4.5
328.7787489 -0.0245470506287303 -4.5
329.5047489 -0.0261789789921998 -4.5
330.0897489 -0.0214390847551674 -4.5
330.6827489 -0.0240674568662469 -4.5
331.3047489 -0.0246404873685662 -4.5
331.8987489 -0.0176888098827562 -4.5
332.6217489 -0.0238814338857057 -4.5
333.2187489 -0.0276253094153427 -4.5
333.8077489 -0.0116936799512664 -4.5
334.3997489 -0.0150492095017635 -4.5
334.9907489 -0.0147291377664092 -4.5
335.7127489 -0.0184619096494748 -4.5
336.2987489 -0.0161430714717083 -4.5
336.9067489 -0.000104808369232699 -4.5
337.5427489 -0.00395048299986511 -4.5
338.1177489 -0.014401525045078 -4.5
338.8227489 0.00647617731027134 4.5
339.4537489 0.0113231544467735 4.5
340.0397489 0.0153997465987329 4.5
340.6287489 0.00982838078633578 4.5
341.2117489 0.0154404407228826 4.5
341.9207489 0.0199472053573446 4.5
342.5087489 0.0326120876407217 4.5
343.2247489 0.0275907511675392 4.5
343.8127489 0.0222637326199765 4.5
344.4067489 0.0411414479509938 4.5
345.1277489 0.0502265166891256 4.5
345.7217489 0.0498752955908063 4.5
346.3107489 0.0501159200260025 4.5
346.9067489 0.0452086204413359 4.5
347.5387489 0.0535004246792011 4.5
348.2547489 0.0713894605912578 4.5
348.8417489 0.0667404282890307 4.5
349.4377489 0.0676145235526839 4.5
350.1247489 0.0628960095957183 4.5
350.7217489 0.0745480844870537 4.5
351.1717489 0.07417366 0.09129752
351.9557489 0.0739202771067533 4.5
352.5617489 0.0897172982099565 4.5
353.2047489 0.077247940120397 4.5
353.7747489 0.0851964380517481 4.5
354.3637489 0.0688227427578995 4.5
355.0687489 0.0815529894039449 4.5
355.6307489 0.0888455711728175 4.5
356.0997489 0.0850388367657076 4.5
356.5687489 0.0855357805959497 4.5
357.1447489 0.072610088576343 4.5
357.7517489 0.0821766193076955 4.5
358.2207489 0.0911501320524905 4.5
358.6927489 0.0702335813449894 4.5
359.2427489 0.0853381918342005 4.5
359.7127489 0.0736117096542485 4.5
360.3007489 0.0791437058979685 4.5
